[debug] [2022-05-26T14:22:23.432Z] ----------------------------------------------------------------------
[debug] [2022-05-26T14:22:23.433Z] Command:       C:\Program Files\nodejs\node.exe C:\Users\HP\AppData\Roaming\npm\node_modules\firebase-tools\lib\bin\firebase.js deploy
[debug] [2022-05-26T14:22:23.434Z] CLI Version:   10.6.0
[debug] [2022-05-26T14:22:23.434Z] Platform:      win32
[debug] [2022-05-26T14:22:23.434Z] Node Version:  v16.13.1
[debug] [2022-05-26T14:22:23.435Z] Time:          Thu May 26 2022 20:22:23 GMT+0600 (Bangladesh Standard Time)
[debug] [2022-05-26T14:22:23.435Z] ----------------------------------------------------------------------
[debug] 
[debug] [2022-05-26T14:22:23.482Z] > command requires scopes: ["email","openid","https://www.googleapis.com/auth/cloudplatformprojects.readonly","https://www.googleapis.com/auth/firebase","https://www.googleapis.com/auth/cloud-platform"]
[debug] [2022-05-26T14:22:23.482Z] > authorizing via signed-in user (asadasad9282@gmail.com)
[debug] [2022-05-26T14:22:23.482Z] [iam] checking project manufacturer-website-50975 for permissions ["firebase.projects.get","firebasehosting.sites.update"]
[debug] [2022-05-26T14:22:23.484Z] >>> [apiv2][query] POST https://cloudresourcemanager.googleapis.com/v1/projects/manufacturer-website-50975:testIamPermissions [none]
[debug] [2022-05-26T14:22:23.484Z] >>> [apiv2][body] POST https://cloudresourcemanager.googleapis.com/v1/projects/manufacturer-website-50975:testIamPermissions {"permissions":["firebase.projects.get","firebasehosting.sites.update"]}
[debug] [2022-05-26T14:22:34.528Z] [iam] error while checking permissions, command may fail: FirebaseError: Failed to make request to https://cloudresourcemanager.googleapis.com/v1/projects/manufacturer-website-50975:testIamPermissions
[debug] [2022-05-26T14:22:34.529Z] >>> [apiv2][query] GET https://firebase.googleapis.com/v1beta1/projects/manufacturer-website-50975 [none]
[debug] [2022-05-26T14:22:46.263Z] Failed to make request to https://firebase.googleapis.com/v1beta1/projects/manufacturer-website-50975
[debug] [2022-05-26T14:22:46.266Z] FirebaseError: Failed to make request to https://firebase.googleapis.com/v1beta1/projects/manufacturer-website-50975
    at RetryOperation._fn (C:\Users\HP\AppData\Roaming\npm\node_modules\firebase-tools\lib\apiv2.js:240:31)
    at processTicksAndRejections (node:internal/process/task_queues:96:5)
[error] 
[error] Error: Failed to get Firebase project manufacturer-website-50975. Please make sure the project exists and your account has permission to access it.
